#
# There is insufficient memory for the Java Runtime Environment to continue.
# Native memory allocation (malloc) failed to allocate 823536 bytes for Chunk::new
# Possible reasons:
#   The system is out of physical RAM or swap space
#   The process is running with CompressedOops enabled, and the Java Heap may be blocking the growth of the native heap
# Possible solutions:
#   Reduce memory load on the system
#   Increase physical memory or swap space
#   Check if swap backing store is full
#   Decrease Java heap size (-Xmx/-Xms)
#   Decrease number of Java threads
#   Decrease Java thread stack sizes (-Xss)
#   Set larger code cache with -XX:ReservedCodeCacheSize=
#   JVM is running with Unscaled Compressed Oops mode in which the Java heap is
#     placed in the first 4GB address space. The Java Heap base address is the
#     maximum limit for the native heap growth. Please use -XX:HeapBaseMinAddress
#     to set the Java Heap base and to place the Java Heap above 4GB virtual address.
# This output file may be truncated or incomplete.
#
#  Out of Memory Error (arena.cpp:191), pid=18920, tid=11176
#
# JRE version: OpenJDK Runtime Environment Temurin-17.0.10+7 (17.0.10+7) (build 17.0.10+7)
# Java VM: OpenJDK 64-Bit Server VM Temurin-17.0.10+7 (17.0.10+7, mixed mode, tiered, compressed oops, compressed class ptrs, parallel gc, windows-amd64)
# No core dump will be written. Minidumps are not enabled by default on client versions of Windows
#

---------------  S U M M A R Y ------------

Command Line: --add-modules=ALL-SYSTEM --add-opens=java.base/java.util=ALL-UNNAMED --add-opens=java.base/java.lang=ALL-UNNAMED --add-opens=java.base/sun.nio.fs=ALL-UNNAMED -Declipse.application=org.eclipse.jdt.ls.core.id1 -Dosgi.bundles.defaultStartLevel=4 -Declipse.product=org.eclipse.jdt.ls.core.product -Djava.import.generatesMetadataFilesAtProjectRoot=false -DDetectVMInstallationsJob.disabled=true -Dfile.encoding=utf8 -XX:+UseParallelGC -XX:GCTimeRatio=4 -XX:AdaptiveSizePolicyWeight=90 -Dsun.zip.disableMemoryMapping=true -Xmx1G -Xms100m -Xlog:disable -javaagent:c:\Users\Ashutosh\.vscode\extensions\redhat.java-1.28.1-win32-x64\lombok\lombok-1.18.31.jar -XX:+HeapDumpOnOutOfMemoryError -XX:HeapDumpPath=c:\Users\Ashutosh\AppData\Roaming\Code\User\workspaceStorage\f2dc90869da73b0063ce55c431e48fd0\redhat.java -Daether.dependencyCollector.impl=bf c:\Users\Ashutosh\.vscode\extensions\redhat.java-1.28.1-win32-x64\server\plugins\org.eclipse.equinox.launcher_1.6.700.v20231214-2017.jar -configuration c:\Users\Ashutosh\AppData\Roaming\Code\User\globalStorage\redhat.java\1.28.1\config_win -data c:\Users\Ashutosh\AppData\Roaming\Code\User\workspaceStorage\f2dc90869da73b0063ce55c431e48fd0\redhat.java\jdt_ws --stdio

Host: AMD Ryzen 5 3500U with Radeon Vega Mobile Gfx  , 8 cores, 5G,  Windows 11 , 64 bit Build 22621 (10.0.22621.2506)
Time: Tue Apr  2 18:57:13 2024 India Standard Time elapsed time: 973246.926012 seconds (11d 6h 20m 46s)

---------------  T H R E A D  ---------------

Current thread (0x0000022e56b05730):  JavaThread "C2 CompilerThread0" daemon [_thread_in_native, id=11176, stack(0x0000003cdae00000,0x0000003cdaf00000)]


Current CompileTask:
C2:973246926 9067       4       org.eclipse.osgi.internal.framework.FilterImpl$Item::compare (347 bytes)

Stack: [0x0000003cdae00000,0x0000003cdaf00000]
Native frames: (J=compiled Java code, j=interpreted, Vv=VM code, C=native code)
V  [jvm.dll+0x67d2c9]
V  [jvm.dll+0x834afa]
V  [jvm.dll+0x8365be]
V  [jvm.dll+0x836c23]
V  [jvm.dll+0x2477ff]
V  [jvm.dll+0xac514]
V  [jvm.dll+0xacb5c]
V  [jvm.dll+0x2aed1f]
V  [jvm.dll+0x584b67]
V  [jvm.dll+0x2228a2]
V  [jvm.dll+0x222c8f]
V  [jvm.dll+0x21bdb6]
V  [jvm.dll+0x219201]
V  [jvm.dll+0x1a502d]
V  [jvm.dll+0x2290de]
V  [jvm.dll+0x2272ac]
V  [jvm.dll+0x7e9bb7]
V  [jvm.dll+0x7e3fba]
V  [jvm.dll+0x67c1b5]
C  [ucrtbase.dll+0x29363]
C  [KERNEL32.DLL+0x1257d]
C  [ntdll.dll+0x5aa58]


---------------  P R O C E S S  ---------------

Threads class SMR info:
_java_thread_list=0x0000022e591833a0, length=28, elements={
0x0000022e3db5fac0, 0x0000022e519dd020, 0x0000022e519de640, 0x0000022e519eaef0,
0x0000022e519ebc80, 0x0000022e519ecb00, 0x0000022e519ee830, 0x0000022e56b05730,
0x0000022e56b683f0, 0x0000022e56b6c0d0, 0x0000022e3dbbfcb0, 0x0000022e56e5b290,
0x0000022e58141520, 0x0000022e58141a30, 0x0000022e58141f40, 0x0000022e58140b00,
0x0000022e586e2320, 0x0000022e586deb70, 0x0000022e586dbde0, 0x0000022e586dd220,
0x0000022e586e2830, 0x0000022e586e2d40, 0x0000022e586e3760, 0x0000022e586dd730,
0x0000022e586e09d0, 0x0000022e586e13f0, 0x0000022e586ddc40, 0x0000022e586dc800
}

Java Threads: ( => current thread )
  0x0000022e3db5fac0 JavaThread "main" [_thread_blocked, id=17952, stack(0x0000003cda500000,0x0000003cda600000)]
  0x0000022e519dd020 JavaThread "Reference Handler" daemon [_thread_blocked, id=20868, stack(0x0000003cda800000,0x0000003cda900000)]
  0x0000022e519de640 JavaThread "Finalizer" daemon [_thread_blocked, id=8848, stack(0x0000003cda900000,0x0000003cdaa00000)]
  0x0000022e519eaef0 JavaThread "Signal Dispatcher" daemon [_thread_blocked, id=23864, stack(0x0000003cdaa00000,0x0000003cdab00000)]
  0x0000022e519ebc80 JavaThread "Attach Listener" daemon [_thread_blocked, id=7740, stack(0x0000003cdab00000,0x0000003cdac00000)]
  0x0000022e519ecb00 JavaThread "Service Thread" daemon [_thread_blocked, id=11272, stack(0x0000003cdac00000,0x0000003cdad00000)]
  0x0000022e519ee830 JavaThread "Monitor Deflation Thread" daemon [_thread_blocked, id=1564, stack(0x0000003cdad00000,0x0000003cdae00000)]
=>0x0000022e56b05730 JavaThread "C2 CompilerThread0" daemon [_thread_in_native, id=11176, stack(0x0000003cdae00000,0x0000003cdaf00000)]
  0x0000022e56b683f0 JavaThread "C1 CompilerThread0" daemon [_thread_blocked, id=18596, stack(0x0000003cdaf00000,0x0000003cdb000000)]
  0x0000022e56b6c0d0 JavaThread "Sweeper thread" daemon [_thread_blocked, id=9388, stack(0x0000003cdb000000,0x0000003cdb100000)]
  0x0000022e3dbbfcb0 JavaThread "Common-Cleaner" daemon [_thread_blocked, id=26052, stack(0x0000003cdb100000,0x0000003cdb200000)]
  0x0000022e56e5b290 JavaThread "Notification Thread" daemon [_thread_blocked, id=28352, stack(0x0000003cdb200000,0x0000003cdb300000)]
  0x0000022e58141520 JavaThread "Active Thread: Equinox Container: 0e9e9d6f-2141-460c-91c3-afce72d678c8" [_thread_blocked, id=19472, stack(0x0000003cdc000000,0x0000003cdc100000)]
  0x0000022e58141a30 JavaThread "Framework Event Dispatcher: Equinox Container: 0e9e9d6f-2141-460c-91c3-afce72d678c8" daemon [_thread_blocked, id=27724, stack(0x0000003cdba00000,0x0000003cdbb00000)]
  0x0000022e58141f40 JavaThread "Start Level: Equinox Container: 0e9e9d6f-2141-460c-91c3-afce72d678c8" daemon [_thread_blocked, id=18532, stack(0x0000003cdbb00000,0x0000003cdbc00000)]
  0x0000022e58140b00 JavaThread "Refresh Thread: Equinox Container: 0e9e9d6f-2141-460c-91c3-afce72d678c8" daemon [_thread_blocked, id=17740, stack(0x0000003cda200000,0x0000003cda300000)]
  0x0000022e586e2320 JavaThread "Bundle File Closer" daemon [_thread_blocked, id=22880, stack(0x0000003cdc600000,0x0000003cdc700000)]
  0x0000022e586deb70 JavaThread "SCR Component Actor" daemon [_thread_blocked, id=7368, stack(0x0000003cdbd00000,0x0000003cdbe00000)]
  0x0000022e586dbde0 JavaThread "Worker-JM" [_thread_blocked, id=21296, stack(0x0000003cdc100000,0x0000003cdc200000)]
  0x0000022e586dd220 JavaThread "Java indexing" daemon [_thread_blocked, id=13452, stack(0x0000003cdc500000,0x0000003cdc600000)]
  0x0000022e586e2830 JavaThread "JNA Cleaner" daemon [_thread_blocked, id=11688, stack(0x0000003cdbe00000,0x0000003cdbf00000)]
  0x0000022e586e2d40 JavaThread "pool-2-thread-1" [_thread_blocked, id=27104, stack(0x0000003cdc800000,0x0000003cdc900000)]
  0x0000022e586e3760 JavaThread "WorkspaceEventsHandler" [_thread_blocked, id=19100, stack(0x0000003cdc900000,0x0000003cdca00000)]
  0x0000022e586dd730 JavaThread "pool-1-thread-1" [_thread_blocked, id=24824, stack(0x0000003cdca00000,0x0000003cdcb00000)]
  0x0000022e586e09d0 JavaThread "Worker-4" [_thread_blocked, id=28420, stack(0x0000003cdd500000,0x0000003cdd600000)]
  0x0000022e586e13f0 JavaThread "Worker-6" [_thread_blocked, id=28032, stack(0x0000003cda300000,0x0000003cda400000)]
  0x0000022e586ddc40 JavaThread "pool-3-thread-1" [_thread_blocked, id=16116, stack(0x0000003cda400000,0x0000003cda500000)]
  0x0000022e586dc800 JavaThread "Framework stop - Equinox Container: 0e9e9d6f-2141-460c-91c3-afce72d678c8" [_thread_in_native, id=25776, stack(0x0000003cdbf00000,0x0000003cdc000000)]

Other Threads:
  0x0000022e56ae14b0 VMThread "VM Thread" [stack: 0x0000003cda700000,0x0000003cda800000] [id=23092]
  0x0000022e56e2b430 WatcherThread [stack: 0x0000003cdb300000,0x0000003cdb400000] [id=28400]
  0x0000022e3db73600 GCTaskThread "GC Thread#0" [stack: 0x0000003cda600000,0x0000003cda700000] [id=25036]
  0x0000022e58135c40 GCTaskThread "GC Thread#1" [stack: 0x0000003cdb400000,0x0000003cdb500000] [id=19840]
  0x0000022e5809d650 GCTaskThread "GC Thread#2" [stack: 0x0000003cdb500000,0x0000003cdb600000] [id=19428]
  0x0000022e5809d910 GCTaskThread "GC Thread#3" [stack: 0x0000003cdb600000,0x0000003cdb700000] [id=19076]
  0x0000022e580a3d40 GCTaskThread "GC Thread#4" [stack: 0x0000003cdb700000,0x0000003cdb800000] [id=19140]
  0x0000022e580a4000 GCTaskThread "GC Thread#5" [stack: 0x0000003cdb800000,0x0000003cdb900000] [id=14672]
  0x0000022e580a42c0 GCTaskThread "GC Thread#6" [stack: 0x0000003cdb900000,0x0000003cdba00000] [id=25604]
  0x0000022e57cd7a80 GCTaskThread "GC Thread#7" [stack: 0x0000003cdbc00000,0x0000003cdbd00000] [id=27384]

Threads with active compile tasks:
C2 CompilerThread0  973247059 9067       4       org.eclipse.osgi.internal.framework.FilterImpl$Item::compare (347 bytes)

VM state: not at safepoint (normal execution)

VM Mutex/Monitor currently owned by a thread: None

Heap address: 0x00000000c0000000, size: 1024 MB, Compressed Oops mode: 32-bit

CDS archive(s) not mapped
Compressed class space mapped at: 0x0000000100000000-0x0000000140000000, reserved size: 1073741824
Narrow klass base: 0x0000000000000000, Narrow klass shift: 3, Narrow klass range: 0x140000000

GC Precious Log:
 CPUs: 8 total, 8 available
 Memory: 6086M
 Large Page Support: Disabled
 NUMA Support: Disabled
 Compressed Oops: Enabled (32-bit)
 Alignments: Space 512K, Generation 512K, Heap 2M
 Heap Min Capacity: 100M
 Heap Initial Capacity: 100M
 Heap Max Capacity: 1G
 Pre-touch: Disabled
 Parallel Workers: 8

Heap:
 PSYoungGen      total 3584K, used 2897K [0x00000000eab00000, 0x00000000eb100000, 0x0000000100000000)
  eden space 3072K, 86% used [0x00000000eab00000,0x00000000ead947e0,0x00000000eae00000)
  from space 512K, 50% used [0x00000000eb000000,0x00000000eb040000,0x00000000eb080000)
  to   space 512K, 0% used [0x00000000eb080000,0x00000000eb080000,0x00000000eb100000)
 ParOldGen       total 358912K, used 333444K [0x00000000c0000000, 0x00000000d5e80000, 0x00000000eab00000)
  object space 358912K, 92% used [0x00000000c0000000,0x00000000d45a1290,0x00000000d5e80000)
 Metaspace       used 62393K, committed 63424K, reserved 1114112K
  class space    used 6733K, committed 7168K, reserved 1048576K

Card table byte_map: [0x0000022e3d4f0000,0x0000022e3d700000] _byte_map_base: 0x0000022e3cef0000

Marking Bits: (ParMarkBitMap*) 0x00007fff0e54d7d0
 Begin Bits: [0x0000022e4f7f0000, 0x0000022e507f0000)
 End Bits:   [0x0000022e507f0000, 0x0000022e517f0000)

Polling page: 0x0000022e3ba70000

Metaspace:

Usage:
  Non-class:     54.36 MB used.
      Class:      6.58 MB used.
       Both:     60.93 MB used.

Virtual space:
  Non-class space:       64.00 MB reserved,      54.94 MB ( 86%) committed,  1 nodes.
      Class space:        1.00 GB reserved,       7.00 MB ( <1%) committed,  1 nodes.
             Both:        1.06 GB reserved,      61.94 MB (  6%) committed. 

Chunk freelists:
   Non-Class:  9.03 MB
       Class:  8.94 MB
        Both:  17.97 MB

MaxMetaspaceSize: unlimited
CompressedClassSpaceSize: 1.00 GB
Initial GC threshold: 21.00 MB
Current GC threshold: 101.81 MB
CDS: off
MetaspaceReclaimPolicy: balanced
 - commit_granule_bytes: 65536.
 - commit_granule_words: 8192.
 - virtual_space_node_default_size: 8388608.
 - enlarge_chunks_in_place: 1.
 - new_chunks_are_fully_committed: 0.
 - uncommit_free_chunks: 1.
 - use_allocation_guard: 0.
 - handle_deallocations: 1.


Internal statistics:

num_allocs_failed_limit: 9.
num_arena_births: 566.
num_arena_deaths: 14.
num_vsnodes_births: 2.
num_vsnodes_deaths: 0.
num_space_committed: 991.
num_space_uncommitted: 0.
num_chunks_returned_to_freelist: 23.
num_chunks_taken_from_freelist: 2839.
num_chunk_merges: 10.
num_chunk_splits: 1774.
num_chunks_enlarged: 1081.
num_inconsistent_stats: 0.

CodeHeap 'non-profiled nmethods': size=120000Kb used=6007Kb max_used=6007Kb free=113992Kb
 bounds [0x0000022e482c0000, 0x0000022e488a0000, 0x0000022e4f7f0000]
CodeHeap 'profiled nmethods': size=120000Kb used=15915Kb max_used=15915Kb free=104084Kb
 bounds [0x0000022e407f0000, 0x0000022e41780000, 0x0000022e47d20000]
CodeHeap 'non-nmethods': size=5760Kb used=1342Kb max_used=1410Kb free=4417Kb
 bounds [0x0000022e47d20000, 0x0000022e47f90000, 0x0000022e482c0000]
 total_blobs=8212 nmethods=7530 adapters=596
 compilation: enabled
              stopped_count=0, restarted_count=0
 full_count=0

Compilation events (20 events):
Event: 973235.250 Thread 0x0000022e56b683f0 nmethod 9055 0x0000022e41774c90 code [0x0000022e41774f20, 0x0000022e41775918]
Event: 973240.006 Thread 0x0000022e56b683f0 9057       3       java.util.Properties::<init> (8 bytes)
Event: 973240.110 Thread 0x0000022e56b683f0 nmethod 9057 0x0000022e41775c90 code [0x0000022e41775e80, 0x0000022e417762a8]
Event: 973240.431 Thread 0x0000022e56b683f0 9058       3       org.eclipse.osgi.internal.loader.sources.MultiSourcePackage::loadClass (48 bytes)
Event: 973240.469 Thread 0x0000022e56b683f0 nmethod 9058 0x0000022e41776490 code [0x0000022e41776660, 0x0000022e41776aa8]
Event: 973241.684 Thread 0x0000022e56b05730 9059       4       java.lang.ClassLoader::checkName (37 bytes)
Event: 973241.908 Thread 0x0000022e56b05730 nmethod 9059 0x0000022e48899010 code [0x0000022e488991a0, 0x0000022e488993b8]
Event: 973244.336 Thread 0x0000022e56b683f0 9060   !   3       org.eclipse.core.internal.localstore.SafeFileOutputStream::write (20 bytes)
Event: 973244.347 Thread 0x0000022e56b683f0 nmethod 9060 0x0000022e41776c90 code [0x0000022e41776e40, 0x0000022e41777048]
Event: 973245.041 Thread 0x0000022e56b05730 9064   !   4       java.lang.invoke.MemberName::getMethodType (211 bytes)
Event: 973245.094 Thread 0x0000022e56b05730 nmethod 9064 0x0000022e48899f10 code [0x0000022e4889a0e0, 0x0000022e4889a588]
Event: 973245.637 Thread 0x0000022e56b05730 9065       4       java.lang.ClassLoader::getPackage (36 bytes)
Event: 973245.987 Thread 0x0000022e56b05730 nmethod 9065 0x0000022e4889a910 code [0x0000022e4889ac20, 0x0000022e4889cb38]
Event: 973246.129 Thread 0x0000022e56b683f0 9066       3       org.eclipse.core.internal.localstore.SafeChunkyInputStream::read (71 bytes)
Event: 973246.134 Thread 0x0000022e56b683f0 nmethod 9066 0x0000022e41777190 code [0x0000022e417773a0, 0x0000022e41777878]
Event: 973246.342 Thread 0x0000022e56b05730 9067       4       org.eclipse.osgi.internal.framework.FilterImpl$Item::compare (347 bytes)
Event: 973246.343 Thread 0x0000022e56b683f0 9068   !   3       org.eclipse.osgi.internal.serviceregistry.ServiceProperties::cloneValue (106 bytes)
Event: 973246.361 Thread 0x0000022e56b683f0 nmethod 9068 0x0000022e41777a10 code [0x0000022e41777ce0, 0x0000022e41778c98]
Event: 973246.361 Thread 0x0000022e56b683f0 9069   !   3       org.eclipse.osgi.internal.serviceregistry.ServiceRegistry::publishServiceEventPrivileged (324 bytes)
Event: 973246.391 Thread 0x0000022e56b683f0 nmethod 9069 0x0000022e41779090 code [0x0000022e41779540, 0x0000022e4177c058]

GC Heap History (20 events):
Event: 443890.981 GC heap before
{Heap before GC invocations=198 (full 12):
 PSYoungGen      total 3584K, used 3296K [0x00000000eab00000, 0x00000000eb100000, 0x0000000100000000)
  eden space 3072K, 100% used [0x00000000eab00000,0x00000000eae00000,0x00000000eae00000)
  from space 512K, 43% used [0x00000000eb000000,0x00000000eb038000,0x00000000eb080000)
  to   space 512K, 0% used [0x00000000eb080000,0x00000000eb080000,0x00000000eb100000)
 ParOldGen       total 358912K, used 333388K [0x00000000c0000000, 0x00000000d5e80000, 0x00000000eab00000)
  object space 358912K, 92% used [0x00000000c0000000,0x00000000d4593290,0x00000000d5e80000)
 Metaspace       used 62173K, committed 63232K, reserved 1114112K
  class space    used 6711K, committed 7168K, reserved 1048576K
}
Event: 443891.126 GC heap after
{Heap after GC invocations=198 (full 12):
 PSYoungGen      total 3584K, used 192K [0x00000000eab00000, 0x00000000eb100000, 0x0000000100000000)
  eden space 3072K, 0% used [0x00000000eab00000,0x00000000eab00000,0x00000000eae00000)
  from space 512K, 37% used [0x00000000eb080000,0x00000000eb0b0000,0x00000000eb100000)
  to   space 512K, 0% used [0x00000000eb000000,0x00000000eb000000,0x00000000eb080000)
 ParOldGen       total 358912K, used 333396K [0x00000000c0000000, 0x00000000d5e80000, 0x00000000eab00000)
  object space 358912K, 92% used [0x00000000c0000000,0x00000000d4595290,0x00000000d5e80000)
 Metaspace       used 62173K, committed 63232K, reserved 1114112K
  class space    used 6711K, committed 7168K, reserved 1048576K
}
Event: 446509.814 GC heap before
{Heap before GC invocations=199 (full 12):
 PSYoungGen      total 3584K, used 3264K [0x00000000eab00000, 0x00000000eb100000, 0x0000000100000000)
  eden space 3072K, 100% used [0x00000000eab00000,0x00000000eae00000,0x00000000eae00000)
  from space 512K, 37% used [0x00000000eb080000,0x00000000eb0b0000,0x00000000eb100000)
  to   space 512K, 0% used [0x00000000eb000000,0x00000000eb000000,0x00000000eb080000)
 ParOldGen       total 358912K, used 333396K [0x00000000c0000000, 0x00000000d5e80000, 0x00000000eab00000)
  object space 358912K, 92% used [0x00000000c0000000,0x00000000d4595290,0x00000000d5e80000)
 Metaspace       used 62174K, committed 63232K, reserved 1114112K
  class space    used 6711K, committed 7168K, reserved 1048576K
}
Event: 446509.938 GC heap after
{Heap after GC invocations=199 (full 12):
 PSYoungGen      total 3584K, used 192K [0x00000000eab00000, 0x00000000eb100000, 0x0000000100000000)
  eden space 3072K, 0% used [0x00000000eab00000,0x00000000eab00000,0x00000000eae00000)
  from space 512K, 37% used [0x00000000eb000000,0x00000000eb030000,0x00000000eb080000)
  to   space 512K, 0% used [0x00000000eb080000,0x00000000eb080000,0x00000000eb100000)
 ParOldGen       total 358912K, used 333404K [0x00000000c0000000, 0x00000000d5e80000, 0x00000000eab00000)
  object space 358912K, 92% used [0x00000000c0000000,0x00000000d4597290,0x00000000d5e80000)
 Metaspace       used 62174K, committed 63232K, reserved 1114112K
  class space    used 6711K, committed 7168K, reserved 1048576K
}
Event: 457412.465 GC heap before
{Heap before GC invocations=200 (full 12):
 PSYoungGen      total 3584K, used 3264K [0x00000000eab00000, 0x00000000eb100000, 0x0000000100000000)
  eden space 3072K, 100% used [0x00000000eab00000,0x00000000eae00000,0x00000000eae00000)
  from space 512K, 37% used [0x00000000eb000000,0x00000000eb030000,0x00000000eb080000)
  to   space 512K, 0% used [0x00000000eb080000,0x00000000eb080000,0x00000000eb100000)
 ParOldGen       total 358912K, used 333404K [0x00000000c0000000, 0x00000000d5e80000, 0x00000000eab00000)
  object space 358912K, 92% used [0x00000000c0000000,0x00000000d4597290,0x00000000d5e80000)
 Metaspace       used 62181K, committed 63232K, reserved 1114112K
  class space    used 6711K, committed 7168K, reserved 1048576K
}
Event: 457412.615 GC heap after
{Heap after GC invocations=200 (full 12):
 PSYoungGen      total 3584K, used 192K [0x00000000eab00000, 0x00000000eb100000, 0x0000000100000000)
  eden space 3072K, 0% used [0x00000000eab00000,0x00000000eab00000,0x00000000eae00000)
  from space 512K, 37% used [0x00000000eb080000,0x00000000eb0b0000,0x00000000eb100000)
  to   space 512K, 0% used [0x00000000eb000000,0x00000000eb000000,0x00000000eb080000)
 ParOldGen       total 358912K, used 333412K [0x00000000c0000000, 0x00000000d5e80000, 0x00000000eab00000)
  object space 358912K, 92% used [0x00000000c0000000,0x00000000d4599290,0x00000000d5e80000)
 Metaspace       used 62181K, committed 63232K, reserved 1114112K
  class space    used 6711K, committed 7168K, reserved 1048576K
}
Event: 463665.523 GC heap before
{Heap before GC invocations=201 (full 12):
 PSYoungGen      total 3584K, used 3264K [0x00000000eab00000, 0x00000000eb100000, 0x0000000100000000)
  eden space 3072K, 100% used [0x00000000eab00000,0x00000000eae00000,0x00000000eae00000)
  from space 512K, 37% used [0x00000000eb080000,0x00000000eb0b0000,0x00000000eb100000)
  to   space 512K, 0% used [0x00000000eb000000,0x00000000eb000000,0x00000000eb080000)
 ParOldGen       total 358912K, used 333412K [0x00000000c0000000, 0x00000000d5e80000, 0x00000000eab00000)
  object space 358912K, 92% used [0x00000000c0000000,0x00000000d4599290,0x00000000d5e80000)
 Metaspace       used 62183K, committed 63232K, reserved 1114112K
  class space    used 6711K, committed 7168K, reserved 1048576K
}
Event: 463665.700 GC heap after
{Heap after GC invocations=201 (full 12):
 PSYoungGen      total 3584K, used 192K [0x00000000eab00000, 0x00000000eb100000, 0x0000000100000000)
  eden space 3072K, 0% used [0x00000000eab00000,0x00000000eab00000,0x00000000eae00000)
  from space 512K, 37% used [0x00000000eb000000,0x00000000eb030000,0x00000000eb080000)
  to   space 512K, 0% used [0x00000000eb080000,0x00000000eb080000,0x00000000eb100000)
 ParOldGen       total 358912K, used 333412K [0x00000000c0000000, 0x00000000d5e80000, 0x00000000eab00000)
  object space 358912K, 92% used [0x00000000c0000000,0x00000000d4599290,0x00000000d5e80000)
 Metaspace       used 62183K, committed 63232K, reserved 1114112K
  class space    used 6711K, committed 7168K, reserved 1048576K
}
Event: 510220.932 GC heap before
{Heap before GC invocations=202 (full 12):
 PSYoungGen      total 3584K, used 3263K [0x00000000eab00000, 0x00000000eb100000, 0x0000000100000000)
  eden space 3072K, 99% used [0x00000000eab00000,0x00000000eadfffa8,0x00000000eae00000)
  from space 512K, 37% used [0x00000000eb000000,0x00000000eb030000,0x00000000eb080000)
  to   space 512K, 0% used [0x00000000eb080000,0x00000000eb080000,0x00000000eb100000)
 ParOldGen       total 358912K, used 333412K [0x00000000c0000000, 0x00000000d5e80000, 0x00000000eab00000)
  object space 358912K, 92% used [0x00000000c0000000,0x00000000d4599290,0x00000000d5e80000)
 Metaspace       used 62185K, committed 63232K, reserved 1114112K
  class space    used 6711K, committed 7168K, reserved 1048576K
}
Event: 510221.093 GC heap after
{Heap after GC invocations=202 (full 12):
 PSYoungGen      total 3584K, used 256K [0x00000000eab00000, 0x00000000eb100000, 0x0000000100000000)
  eden space 3072K, 0% used [0x00000000eab00000,0x00000000eab00000,0x00000000eae00000)
  from space 512K, 50% used [0x00000000eb080000,0x00000000eb0c0000,0x00000000eb100000)
  to   space 512K, 0% used [0x00000000eb000000,0x00000000eb000000,0x00000000eb080000)
 ParOldGen       total 358912K, used 333412K [0x00000000c0000000, 0x00000000d5e80000, 0x00000000eab00000)
  object space 358912K, 92% used [0x00000000c0000000,0x00000000d4599290,0x00000000d5e80000)
 Metaspace       used 62185K, committed 63232K, reserved 1114112K
  class space    used 6711K, committed 7168K, reserved 1048576K
}
Event: 628644.559 GC heap before
{Heap before GC invocations=203 (full 12):
 PSYoungGen      total 3584K, used 3328K [0x00000000eab00000, 0x00000000eb100000, 0x0000000100000000)
  eden space 3072K, 100% used [0x00000000eab00000,0x00000000eae00000,0x00000000eae00000)
  from space 512K, 50% used [0x00000000eb080000,0x00000000eb0c0000,0x00000000eb100000)
  to   space 512K, 0% used [0x00000000eb000000,0x00000000eb000000,0x00000000eb080000)
 ParOldGen       total 358912K, used 333412K [0x00000000c0000000, 0x00000000d5e80000, 0x00000000eab00000)
  object space 358912K, 92% used [0x00000000c0000000,0x00000000d4599290,0x00000000d5e80000)
 Metaspace       used 62239K, committed 63296K, reserved 1114112K
  class space    used 6711K, committed 7168K, reserved 1048576K
}
Event: 628644.738 GC heap after
{Heap after GC invocations=203 (full 12):
 PSYoungGen      total 3584K, used 128K [0x00000000eab00000, 0x00000000eb100000, 0x0000000100000000)
  eden space 3072K, 0% used [0x00000000eab00000,0x00000000eab00000,0x00000000eae00000)
  from space 512K, 25% used [0x00000000eb000000,0x00000000eb020000,0x00000000eb080000)
  to   space 512K, 0% used [0x00000000eb080000,0x00000000eb080000,0x00000000eb100000)
 ParOldGen       total 358912K, used 333420K [0x00000000c0000000, 0x00000000d5e80000, 0x00000000eab00000)
  object space 358912K, 92% used [0x00000000c0000000,0x00000000d459b290,0x00000000d5e80000)
 Metaspace       used 62239K, committed 63296K, reserved 1114112K
  class space    used 6711K, committed 7168K, reserved 1048576K
}
Event: 631645.704 GC heap before
{Heap before GC invocations=204 (full 12):
 PSYoungGen      total 3584K, used 3200K [0x00000000eab00000, 0x00000000eb100000, 0x0000000100000000)
  eden space 3072K, 100% used [0x00000000eab00000,0x00000000eae00000,0x00000000eae00000)
  from space 512K, 25% used [0x00000000eb000000,0x00000000eb020000,0x00000000eb080000)
  to   space 512K, 0% used [0x00000000eb080000,0x00000000eb080000,0x00000000eb100000)
 ParOldGen       total 358912K, used 333420K [0x00000000c0000000, 0x00000000d5e80000, 0x00000000eab00000)
  object space 358912K, 92% used [0x00000000c0000000,0x00000000d459b290,0x00000000d5e80000)
 Metaspace       used 62247K, committed 63296K, reserved 1114112K
  class space    used 6711K, committed 7168K, reserved 1048576K
}
Event: 631645.831 GC heap after
{Heap after GC invocations=204 (full 12):
 PSYoungGen      total 3584K, used 160K [0x00000000eab00000, 0x00000000eb100000, 0x0000000100000000)
  eden space 3072K, 0% used [0x00000000eab00000,0x00000000eab00000,0x00000000eae00000)
  from space 512K, 31% used [0x00000000eb080000,0x00000000eb0a8000,0x00000000eb100000)
  to   space 512K, 0% used [0x00000000eb000000,0x00000000eb000000,0x00000000eb080000)
 ParOldGen       total 358912K, used 333436K [0x00000000c0000000, 0x00000000d5e80000, 0x00000000eab00000)
  object space 358912K, 92% used [0x00000000c0000000,0x00000000d459f290,0x00000000d5e80000)
 Metaspace       used 62247K, committed 63296K, reserved 1114112K
  class space    used 6711K, committed 7168K, reserved 1048576K
}
Event: 946297.723 GC heap before
{Heap before GC invocations=205 (full 12):
 PSYoungGen      total 3584K, used 3232K [0x00000000eab00000, 0x00000000eb100000, 0x0000000100000000)
  eden space 3072K, 100% used [0x00000000eab00000,0x00000000eae00000,0x00000000eae00000)
  from space 512K, 31% used [0x00000000eb080000,0x00000000eb0a8000,0x00000000eb100000)
  to   space 512K, 0% used [0x00000000eb000000,0x00000000eb000000,0x00000000eb080000)
 ParOldGen       total 358912K, used 333436K [0x00000000c0000000, 0x00000000d5e80000, 0x00000000eab00000)
  object space 358912K, 92% used [0x00000000c0000000,0x00000000d459f290,0x00000000d5e80000)
 Metaspace       used 62251K, committed 63296K, reserved 1114112K
  class space    used 6711K, committed 7168K, reserved 1048576K
}
Event: 946298.121 GC heap after
{Heap after GC invocations=205 (full 12):
 PSYoungGen      total 3584K, used 192K [0x00000000eab00000, 0x00000000eb100000, 0x0000000100000000)
  eden space 3072K, 0% used [0x00000000eab00000,0x00000000eab00000,0x00000000eae00000)
  from space 512K, 37% used [0x00000000eb000000,0x00000000eb030000,0x00000000eb080000)
  to   space 512K, 0% used [0x00000000eb080000,0x00000000eb080000,0x00000000eb100000)
 ParOldGen       total 358912K, used 333436K [0x00000000c0000000, 0x00000000d5e80000, 0x00000000eab00000)
  object space 358912K, 92% used [0x00000000c0000000,0x00000000d459f290,0x00000000d5e80000)
 Metaspace       used 62251K, committed 63296K, reserved 1114112K
  class space    used 6711K, committed 7168K, reserved 1048576K
}
Event: 949729.471 GC heap before
{Heap before GC invocations=206 (full 12):
 PSYoungGen      total 3584K, used 3264K [0x00000000eab00000, 0x00000000eb100000, 0x0000000100000000)
  eden space 3072K, 100% used [0x00000000eab00000,0x00000000eae00000,0x00000000eae00000)
  from space 512K, 37% used [0x00000000eb000000,0x00000000eb030000,0x00000000eb080000)
  to   space 512K, 0% used [0x00000000eb080000,0x00000000eb080000,0x00000000eb100000)
 ParOldGen       total 358912K, used 333436K [0x00000000c0000000, 0x00000000d5e80000, 0x00000000eab00000)
  object space 358912K, 92% used [0x00000000c0000000,0x00000000d459f290,0x00000000d5e80000)
 Metaspace       used 62261K, committed 63296K, reserved 1114112K
  class space    used 6711K, committed 7168K, reserved 1048576K
}
Event: 949729.672 GC heap after
{Heap after GC invocations=206 (full 12):
 PSYoungGen      total 3584K, used 192K [0x00000000eab00000, 0x00000000eb100000, 0x0000000100000000)
  eden space 3072K, 0% used [0x00000000eab00000,0x00000000eab00000,0x00000000eae00000)
  from space 512K, 37% used [0x00000000eb080000,0x00000000eb0b0000,0x00000000eb100000)
  to   space 512K, 0% used [0x00000000eb000000,0x00000000eb000000,0x00000000eb080000)
 ParOldGen       total 358912K, used 333444K [0x00000000c0000000, 0x00000000d5e80000, 0x00000000eab00000)
  object space 358912K, 92% used [0x00000000c0000000,0x00000000d45a1290,0x00000000d5e80000)
 Metaspace       used 62261K, committed 63296K, reserved 1114112K
  class space    used 6711K, committed 7168K, reserved 1048576K
}
Event: 953747.664 GC heap before
{Heap before GC invocations=207 (full 12):
 PSYoungGen      total 3584K, used 3264K [0x00000000eab00000, 0x00000000eb100000, 0x0000000100000000)
  eden space 3072K, 100% used [0x00000000eab00000,0x00000000eae00000,0x00000000eae00000)
  from space 512K, 37% used [0x00000000eb080000,0x00000000eb0b0000,0x00000000eb100000)
  to   space 512K, 0% used [0x00000000eb000000,0x00000000eb000000,0x00000000eb080000)
 ParOldGen       total 358912K, used 333444K [0x00000000c0000000, 0x00000000d5e80000, 0x00000000eab00000)
  object space 358912K, 92% used [0x00000000c0000000,0x00000000d45a1290,0x00000000d5e80000)
 Metaspace       used 62263K, committed 63296K, reserved 1114112K
  class space    used 6711K, committed 7168K, reserved 1048576K
}
Event: 953747.834 GC heap after
{Heap after GC invocations=207 (full 12):
 PSYoungGen      total 3584K, used 256K [0x00000000eab00000, 0x00000000eb100000, 0x0000000100000000)
  eden space 3072K, 0% used [0x00000000eab00000,0x00000000eab00000,0x00000000eae00000)
  from space 512K, 50% used [0x00000000eb000000,0x00000000eb040000,0x00000000eb080000)
  to   space 512K, 0% used [0x00000000eb080000,0x00000000eb080000,0x00000000eb100000)
 ParOldGen       total 358912K, used 333444K [0x00000000c0000000, 0x00000000d5e80000, 0x00000000eab00000)
  object space 358912K, 92% used [0x00000000c0000000,0x00000000d45a1290,0x00000000d5e80000)
 Metaspace       used 62263K, committed 63296K, reserved 1114112K
  class space    used 6711K, committed 7168K, reserved 1048576K
}

Dll operation events (14 events):
Event: 0.057 Loaded shared library c:\Users\Ashutosh\.vscode\extensions\redhat.java-1.28.1-win32-x64\jre\17.0.10-win32-x86_64\bin\java.dll
Event: 1.520 Loaded shared library c:\Users\Ashutosh\.vscode\extensions\redhat.java-1.28.1-win32-x64\jre\17.0.10-win32-x86_64\bin\zip.dll
Event: 1.705 Loaded shared library C:\Users\Ashutosh\.vscode\extensions\redhat.java-1.28.1-win32-x64\jre\17.0.10-win32-x86_64\bin\instrument.dll
Event: 1.925 Loaded shared library C:\Users\Ashutosh\.vscode\extensions\redhat.java-1.28.1-win32-x64\jre\17.0.10-win32-x86_64\bin\net.dll
Event: 2.252 Loaded shared library C:\Users\Ashutosh\.vscode\extensions\redhat.java-1.28.1-win32-x64\jre\17.0.10-win32-x86_64\bin\nio.dll
Event: 2.659 Loaded shared library C:\Users\Ashutosh\.vscode\extensions\redhat.java-1.28.1-win32-x64\jre\17.0.10-win32-x86_64\bin\zip.dll
Event: 3.289 Loaded shared library C:\Users\Ashutosh\.vscode\extensions\redhat.java-1.28.1-win32-x64\jre\17.0.10-win32-x86_64\bin\jimage.dll
Event: 6.865 Loaded shared library c:\Users\Ashutosh\.vscode\extensions\redhat.java-1.28.1-win32-x64\jre\17.0.10-win32-x86_64\bin\verify.dll
Event: 29.885 Loaded shared library C:\Users\Ashutosh\AppData\Roaming\Code\User\globalStorage\redhat.java\1.28.1\config_win\org.eclipse.equinox.launcher\org.eclipse.equinox.launcher.win32.win32.x86_64_1.2.900.v20240129-1338\eclipse_11900.dll
Event: 52.401 Loaded shared library C:\Users\Ashutosh\.vscode\extensions\redhat.java-1.28.1-win32-x64\jre\17.0.10-win32-x86_64\bin\management.dll
Event: 52.432 Loaded shared library C:\Users\Ashutosh\.vscode\extensions\redhat.java-1.28.1-win32-x64\jre\17.0.10-win32-x86_64\bin\management_ext.dll
Event: 61.438 Loaded shared library C:\Users\Ashutosh\AppData\Local\Temp\jna--608687249\jna12222763470486754958.dll
Event: 62.723 Loaded shared library C:\Users\Ashutosh\.vscode\extensions\redhat.java-1.28.1-win32-x64\jre\17.0.10-win32-x86_64\bin\sunmscapi.dll
Event: 65.057 Loaded shared library C:\Users\Ashutosh\.vscode\extensions\redhat.java-1.28.1-win32-x64\jre\17.0.10-win32-x86_64\bin\extnet.dll

Deoptimization events (20 events):
Event: 973233.745 Thread 0x0000022e586e2d40 Uncommon trap: trap_request=0xffffff45 fr.pc=0x0000022e4888a978 relative=0x0000000000000058
Event: 973233.745 Thread 0x0000022e586e2d40 Uncommon trap: reason=unstable_if action=reinterpret pc=0x0000022e4888a978 method=org.eclipse.jdt.ls.core.internal.ParentProcessWatcher.run()V @ 4 c2
Event: 973233.745 Thread 0x0000022e586e2d40 DEOPT PACKING pc=0x0000022e4888a978 sp=0x0000003cdc8ff2d0
Event: 973233.753 Thread 0x0000022e586e2d40 DEOPT UNPACKING pc=0x0000022e47d766a3 sp=0x0000003cdc8ff258 mode 2
Event: 973238.493 Thread 0x0000022e586e2d40 Uncommon trap: trap_request=0xffffff45 fr.pc=0x0000022e48864400 relative=0x0000000000000080
Event: 973238.493 Thread 0x0000022e586e2d40 Uncommon trap: reason=unstable_if action=reinterpret pc=0x0000022e48864400 method=java.util.concurrent.ThreadPoolExecutor.ensurePrestart()V @ 16 c2
Event: 973238.493 Thread 0x0000022e586e2d40 DEOPT PACKING pc=0x0000022e48864400 sp=0x0000003cdc8ff070
Event: 973238.495 Thread 0x0000022e586e2d40 DEOPT UNPACKING pc=0x0000022e47d766a3 sp=0x0000003cdc8ff000 mode 2
Event: 973245.722 Thread 0x0000022e586e13f0 Uncommon trap: trap_request=0xffffff45 fr.pc=0x0000022e488921b4 relative=0x0000000000000634
Event: 973245.723 Thread 0x0000022e586e13f0 Uncommon trap: reason=unstable_if action=reinterpret pc=0x0000022e488921b4 method=org.eclipse.core.internal.resources.Workspace.newResource(Lorg/eclipse/core/runtime/IPath;I)Lorg/eclipse/core/internal/resources/Resource; @ 1 c2
Event: 973245.723 Thread 0x0000022e586e13f0 DEOPT PACKING pc=0x0000022e488921b4 sp=0x0000003cda3feca0
Event: 973245.729 Thread 0x0000022e586e13f0 DEOPT UNPACKING pc=0x0000022e47d766a3 sp=0x0000003cda3fec68 mode 2
Event: 973245.741 Thread 0x0000022e586e13f0 Uncommon trap: trap_request=0xffffff45 fr.pc=0x0000022e4883b16c relative=0x000000000000100c
Event: 973245.755 Thread 0x0000022e586e13f0 Uncommon trap: reason=unstable_if action=reinterpret pc=0x0000022e4883b16c method=org.eclipse.jdt.ls.core.internal.filesystem.JLSFsUtils.isProjectMetadataFile(Lorg/eclipse/core/runtime/IPath;)Z @ 64 c2
Event: 973245.756 Thread 0x0000022e586e13f0 DEOPT PACKING pc=0x0000022e4883b16c sp=0x0000003cda3feb20
Event: 973245.759 Thread 0x0000022e586e13f0 DEOPT UNPACKING pc=0x0000022e47d766a3 sp=0x0000003cda3fea78 mode 2
Event: 973246.208 Thread 0x0000022e586e2d40 Uncommon trap: trap_request=0xffffff45 fr.pc=0x0000022e488668ac relative=0x000000000000066c
Event: 973246.208 Thread 0x0000022e586e2d40 Uncommon trap: reason=unstable_if action=reinterpret pc=0x0000022e488668ac method=java.util.concurrent.FutureTask.runAndReset()Z @ 75 c2
Event: 973246.208 Thread 0x0000022e586e2d40 DEOPT PACKING pc=0x0000022e488668ac sp=0x0000003cdc8ff300
Event: 973246.210 Thread 0x0000022e586e2d40 DEOPT UNPACKING pc=0x0000022e47d766a3 sp=0x0000003cdc8ff250 mode 2

Classes unloaded (7 events):
Event: 58.097 Thread 0x0000022e56ae14b0 Unloading class 0x0000000100264000 'java/lang/invoke/LambdaForm$MH+0x0000000100264000'
Event: 58.097 Thread 0x0000022e56ae14b0 Unloading class 0x0000000100263c00 'java/lang/invoke/LambdaForm$MH+0x0000000100263c00'
Event: 58.097 Thread 0x0000022e56ae14b0 Unloading class 0x0000000100263800 'java/lang/invoke/LambdaForm$MH+0x0000000100263800'
Event: 58.097 Thread 0x0000022e56ae14b0 Unloading class 0x0000000100263400 'java/lang/invoke/LambdaForm$MH+0x0000000100263400'
Event: 58.097 Thread 0x0000022e56ae14b0 Unloading class 0x0000000100263000 'java/lang/invoke/LambdaForm$BMH+0x0000000100263000'
Event: 58.097 Thread 0x0000022e56ae14b0 Unloading class 0x0000000100262c00 'java/lang/invoke/LambdaForm$DMH+0x0000000100262c00'
Event: 58.097 Thread 0x0000022e56ae14b0 Unloading class 0x0000000100260400 'java/lang/invoke/LambdaForm$DMH+0x0000000100260400'

Classes redefined (0 events):
No events

Internal exceptions (20 events):
Event: 435257.439 Thread 0x0000022e586e3760 Exception <a 'sun/nio/fs/WindowsException'{0x00000000eadd2708}> (0x00000000eadd2708) 
thrown [s\src\hotspot\share\prims\jni.cpp, line 516]
Event: 628753.133 Thread 0x0000022e586e3760 Exception <a 'sun/nio/fs/WindowsException'{0x00000000eab2aee8}> (0x00000000eab2aee8) 
thrown [s\src\hotspot\share\prims\jni.cpp, line 516]
Event: 628753.165 Thread 0x0000022e586e3760 Exception <a 'sun/nio/fs/WindowsException'{0x00000000eab3ddb0}> (0x00000000eab3ddb0) 
thrown [s\src\hotspot\share\prims\jni.cpp, line 516]
Event: 628753.175 Thread 0x0000022e586e3760 Exception <a 'sun/nio/fs/WindowsException'{0x00000000eab506b0}> (0x00000000eab506b0) 
thrown [s\src\hotspot\share\prims\jni.cpp, line 516]
Event: 973244.844 Thread 0x0000022e586e13f0 Exception <a 'java/lang/NoSuchMethodError'{0x00000000eacb92c0}: 'java.lang.Object java.lang.invoke.DirectMethodHandle$Holder.newInvokeSpecial(java.lang.Object, java.lang.Object, java.lang.Object, java.lang.Object, java.lang.Object, java.lang.Object, java.lang.Object, java.lang.Object, java.lang.Object, java.lang.Object)'> (0x00000000eacb92c0) 
thrown [s\src\hotspot\share\interpreter\linkResolver.cpp, line 759]
Event: 973244.885 Thread 0x0000022e586e13f0 Exception <a 'java/lang/NoSuchMethodError'{0x00000000eacbf268}: 'java.lang.Object java.lang.invoke.DirectMethodHandle$Holder.invokeSpecial(java.lang.Object, java.lang.Object, java.lang.Object, java.lang.Object, java.lang.Object, java.lang.Object, java.lang.Object, java.lang.Object, java.lang.Object, java.lang.Object, java.lang.Object)'> (0x00000000eacbf268) 
thrown [s\src\hotspot\share\interpreter\linkResolver.cpp, line 759]
Event: 973244.891 Thread 0x0000022e586e13f0 Exception <a 'java/lang/NoSuchMethodError'{0x00000000eacc4a40}: 'java.lang.Object java.lang.invoke.Invokers$Holder.linkToTargetMethod(java.lang.Object, java.lang.Object, java.lang.Object, java.lang.Object, java.lang.Object, java.lang.Object, java.lang.Object, java.lang.Object, java.lang.Object, java.lang.Object)'> (0x00000000eacc4a40) 
thrown [s\src\hotspot\share\interpreter\linkResolver.cpp, line 759]
Event: 973245.555 Thread 0x0000022e586e13f0 Exception <a 'sun/nio/fs/WindowsException'{0x00000000ead36880}> (0x00000000ead36880) 
thrown [s\src\hotspot\share\prims\jni.cpp, line 516]
Event: 973246.377 Thread 0x0000022e586e09d0 Exception <a 'java/io/IOException'{0x00000000ead79a58}> (0x00000000ead79a58) 
thrown [s\src\hotspot\share\prims\jni.cpp, line 516]
Event: 973246.379 Thread 0x0000022e586e09d0 Exception <a 'java/io/IOException'{0x00000000ead82a98}> (0x00000000ead82a98) 
thrown [s\src\hotspot\share\prims\jni.cpp, line 516]
Event: 973246.381 Thread 0x0000022e586e09d0 Exception <a 'java/io/IOException'{0x00000000ead82da8}> (0x00000000ead82da8) 
thrown [s\src\hotspot\share\prims\jni.cpp, line 516]
Event: 973246.390 Thread 0x0000022e586e09d0 Exception <a 'java/io/IOException'{0x00000000ead83a00}> (0x00000000ead83a00) 
thrown [s\src\hotspot\share\prims\jni.cpp, line 516]
Event: 973246.390 Thread 0x0000022e586e09d0 Exception <a 'java/io/IOException'{0x00000000ead83f58}> (0x00000000ead83f58) 
thrown [s\src\hotspot\share\prims\jni.cpp, line 516]
Event: 973246.390 Thread 0x0000022e586e09d0 Exception <a 'java/io/IOException'{0x00000000ead84268}> (0x00000000ead84268) 
thrown [s\src\hotspot\share\prims\jni.cpp, line 516]
Event: 973246.438 Thread 0x0000022e586e09d0 Exception <a 'java/io/IOException'{0x00000000ead89e48}> (0x00000000ead89e48) 
thrown [s\src\hotspot\share\prims\jni.cpp, line 516]
Event: 973246.439 Thread 0x0000022e586e09d0 Exception <a 'java/io/IOException'{0x00000000ead8a158}> (0x00000000ead8a158) 
thrown [s\src\hotspot\share\prims\jni.cpp, line 516]
Event: 973246.439 Thread 0x0000022e586e09d0 Exception <a 'java/io/IOException'{0x00000000ead8a468}> (0x00000000ead8a468) 
thrown [s\src\hotspot\share\prims\jni.cpp, line 516]
Event: 973246.449 Thread 0x0000022e586e09d0 Exception <a 'java/io/IOException'{0x00000000ead8bf40}> (0x00000000ead8bf40) 
thrown [s\src\hotspot\share\prims\jni.cpp, line 516]
Event: 973246.449 Thread 0x0000022e586e09d0 Exception <a 'java/io/IOException'{0x00000000ead8c250}> (0x00000000ead8c250) 
thrown [s\src\hotspot\share\prims\jni.cpp, line 516]
Event: 973246.450 Thread 0x0000022e586e09d0 Exception <a 'java/io/IOException'{0x00000000ead8c560}> (0x00000000ead8c560) 
thrown [s\src\hotspot\share\prims\jni.cpp, line 516]

VM Operations (20 events):
Event: 972533.787 Executing VM operation: HandshakeAllThreads
Event: 972533.791 Executing VM operation: HandshakeAllThreads done
Event: 972593.835 Executing VM operation: HandshakeAllThreads
Event: 972593.835 Executing VM operation: HandshakeAllThreads done
Event: 972774.290 Executing VM operation: HandshakeAllThreads
Event: 972774.321 Executing VM operation: HandshakeAllThreads done
Event: 972954.580 Executing VM operation: HandshakeAllThreads
Event: 972954.585 Executing VM operation: HandshakeAllThreads done
Event: 973238.027 Executing VM operation: HandshakeAllThreads
Event: 973238.054 Executing VM operation: HandshakeAllThreads done
Event: 973239.066 Executing VM operation: Cleanup
Event: 973239.442 Executing VM operation: Cleanup done
Event: 973240.446 Executing VM operation: Cleanup
Event: 973240.462 Executing VM operation: Cleanup done
Event: 973242.481 Executing VM operation: Cleanup
Event: 973242.497 Executing VM operation: Cleanup done
Event: 973245.521 Executing VM operation: Cleanup
Event: 973245.537 Executing VM operation: Cleanup done
Event: 973246.550 Executing VM operation: Cleanup
Event: 973246.566 Executing VM operation: Cleanup done

Events (20 events):
Event: 299.227 loading class java/util/stream/DistinctOps$1$2 done
Event: 322.899 Thread 0x0000022e586de150 Thread exited: 0x0000022e586de150
Event: 383.020 Thread 0x0000022e586e13f0 Thread added: 0x0000022e586e13f0
Event: 383.029 Thread 0x0000022e586e13f0 Thread exited: 0x0000022e586e13f0
Event: 169580.374 Thread 0x0000022e586df080 Thread added: 0x0000022e586df080
Event: 169640.660 Thread 0x0000022e586df080 Thread exited: 0x0000022e586df080
Event: 173031.315 Thread 0x0000022e586e13f0 Thread added: 0x0000022e586e13f0
Event: 173031.359 Thread 0x0000022e586e1e10 Thread exited: 0x0000022e586e1e10
Event: 973235.193 loading class java/util/concurrent/Executors$DelegatedScheduledExecutorService
Event: 973235.577 loading class java/util/concurrent/Executors$DelegatedExecutorService
Event: 973235.930 loading class java/util/concurrent/Executors$DelegatedExecutorService done
Event: 973235.937 loading class java/util/concurrent/Executors$DelegatedScheduledExecutorService done
Event: 973238.559 Thread 0x0000022e586ddc40 Thread added: 0x0000022e586ddc40
Event: 973243.445 Thread 0x0000022e586de660 Thread added: 0x0000022e586de660
Event: 973243.544 Thread 0x0000022e586de660 Thread exited: 0x0000022e586de660
Event: 973244.381 loading class java/util/Collections$EmptyListIterator
Event: 973244.457 loading class java/util/Collections$EmptyListIterator done
Event: 973245.007 Thread 0x0000022e586dc800 Thread added: 0x0000022e586dc800
Event: 973245.092 Thread 0x0000022e586dc800 Thread exited: 0x0000022e586dc800
Event: 973246.644 Thread 0x0000022e586dc800 Thread added: 0x0000022e586dc800


Dynamic libraries:
0x00007ff7b1290000 - 0x00007ff7b129e000 	c:\Users\Ashutosh\.vscode\extensions\redhat.java-1.28.1-win32-x64\jre\17.0.10-win32-x86_64\bin\java.exe
0x00007ffff13d0000 - 0x00007ffff15e7000 	C:\WINDOWS\SYSTEM32\ntdll.dll
0x00007fffef660000 - 0x00007fffef724000 	C:\WINDOWS\System32\KERNEL32.DLL
0x00007fffeed40000 - 0x00007fffef0e6000 	C:\WINDOWS\System32\KERNELBASE.dll
0x00007fffee710000 - 0x00007fffee821000 	C:\WINDOWS\System32\ucrtbase.dll
0x00007fffbb010000 - 0x00007fffbb02b000 	c:\Users\Ashutosh\.vscode\extensions\redhat.java-1.28.1-win32-x64\jre\17.0.10-win32-x86_64\bin\VCRUNTIME140.dll
0x00007fffc12f0000 - 0x00007fffc1307000 	c:\Users\Ashutosh\.vscode\extensions\redhat.java-1.28.1-win32-x64\jre\17.0.10-win32-x86_64\bin\jli.dll
0x00007ffff0f90000 - 0x00007ffff113e000 	C:\WINDOWS\System32\USER32.dll
0x00007fffef0f0000 - 0x00007fffef116000 	C:\WINDOWS\System32\win32u.dll
0x00007fffed9e0000 - 0x00007fffedc73000 	C:\WINDOWS\WinSxS\amd64_microsoft.windows.common-controls_6595b64144ccf1df_6.0.22621.2506_none_270c5ae97388e100\COMCTL32.dll
0x00007ffff11f0000 - 0x00007ffff1219000 	C:\WINDOWS\System32\GDI32.dll
0x00007fffef500000 - 0x00007fffef5a7000 	C:\WINDOWS\System32\msvcrt.dll
0x00007fffeeae0000 - 0x00007fffeebf8000 	C:\WINDOWS\System32\gdi32full.dll
0x00007fffeec30000 - 0x00007fffeecca000 	C:\WINDOWS\System32\msvcp_win.dll
0x00007fffef170000 - 0x00007fffef1a1000 	C:\WINDOWS\System32\IMM32.DLL
0x00007fffd1420000 - 0x00007fffd142c000 	c:\Users\Ashutosh\.vscode\extensions\redhat.java-1.28.1-win32-x64\jre\17.0.10-win32-x86_64\bin\vcruntime140_1.dll
0x00007fffb2410000 - 0x00007fffb249d000 	c:\Users\Ashutosh\.vscode\extensions\redhat.java-1.28.1-win32-x64\jre\17.0.10-win32-x86_64\bin\msvcp140.dll
0x00007fff0d9b0000 - 0x00007fff0e612000 	c:\Users\Ashutosh\.vscode\extensions\redhat.java-1.28.1-win32-x64\jre\17.0.10-win32-x86_64\bin\server\jvm.dll
0x00007ffff01a0000 - 0x00007ffff0253000 	C:\WINDOWS\System32\ADVAPI32.dll
0x00007ffff1140000 - 0x00007ffff11e8000 	C:\WINDOWS\System32\sechost.dll
0x00007fffeec00000 - 0x00007fffeec28000 	C:\WINDOWS\System32\bcrypt.dll
0x00007ffff0270000 - 0x00007ffff0387000 	C:\WINDOWS\System32\RPCRT4.dll
0x00007fffee5e0000 - 0x00007fffee62d000 	C:\WINDOWS\SYSTEM32\POWRPROF.dll
0x00007fff85760000 - 0x00007fff85769000 	C:\WINDOWS\SYSTEM32\WSOCK32.dll
0x00007fffef310000 - 0x00007fffef381000 	C:\WINDOWS\System32\WS2_32.dll
0x00007fffe7770000 - 0x00007fffe77a4000 	C:\WINDOWS\SYSTEM32\WINMM.dll
0x00007fffe5cc0000 - 0x00007fffe5cca000 	C:\WINDOWS\SYSTEM32\VERSION.dll
0x00007fffee5c0000 - 0x00007fffee5d3000 	C:\WINDOWS\SYSTEM32\UMPDC.dll
0x00007fffeced0000 - 0x00007fffecee8000 	C:\WINDOWS\SYSTEM32\kernel.appcore.dll
0x00007fffd1220000 - 0x00007fffd122a000 	c:\Users\Ashutosh\.vscode\extensions\redhat.java-1.28.1-win32-x64\jre\17.0.10-win32-x86_64\bin\jimage.dll
0x00007fffedfa0000 - 0x00007fffee1d3000 	C:\WINDOWS\SYSTEM32\DBGHELP.DLL
0x00007fffefbe0000 - 0x00007fffeff69000 	C:\WINDOWS\System32\combase.dll
0x00007ffff1220000 - 0x00007ffff12f7000 	C:\WINDOWS\System32\OLEAUT32.dll
0x00007fffede80000 - 0x00007fffedeb2000 	C:\WINDOWS\SYSTEM32\dbgcore.DLL
0x00007fffee830000 - 0x00007fffee8aa000 	C:\WINDOWS\System32\bcryptPrimitives.dll
0x00007fffced70000 - 0x00007fffced7e000 	c:\Users\Ashutosh\.vscode\extensions\redhat.java-1.28.1-win32-x64\jre\17.0.10-win32-x86_64\bin\instrument.dll
0x00007fffba830000 - 0x00007fffba855000 	c:\Users\Ashutosh\.vscode\extensions\redhat.java-1.28.1-win32-x64\jre\17.0.10-win32-x86_64\bin\java.dll
0x00007fffba730000 - 0x00007fffba748000 	c:\Users\Ashutosh\.vscode\extensions\redhat.java-1.28.1-win32-x64\jre\17.0.10-win32-x86_64\bin\zip.dll
0x00007ffff0410000 - 0x00007ffff0c6a000 	C:\WINDOWS\System32\SHELL32.dll
0x00007fffebd90000 - 0x00007fffec686000 	C:\WINDOWS\SYSTEM32\windows.storage.dll
0x00007fffebc20000 - 0x00007fffebd5e000 	C:\WINDOWS\SYSTEM32\wintypes.dll
0x00007fffef3a0000 - 0x00007fffef493000 	C:\WINDOWS\System32\SHCORE.dll
0x00007fffef1b0000 - 0x00007fffef20e000 	C:\WINDOWS\System32\shlwapi.dll
0x00007fffee640000 - 0x00007fffee666000 	C:\WINDOWS\SYSTEM32\profapi.dll
0x00007fffba710000 - 0x00007fffba729000 	C:\Users\Ashutosh\.vscode\extensions\redhat.java-1.28.1-win32-x64\jre\17.0.10-win32-x86_64\bin\net.dll
0x00007fffe7320000 - 0x00007fffe7457000 	C:\WINDOWS\SYSTEM32\WINHTTP.dll
0x00007fffed480000 - 0x00007fffed4e9000 	C:\WINDOWS\system32\mswsock.dll
0x00007fffba650000 - 0x00007fffba666000 	C:\Users\Ashutosh\.vscode\extensions\redhat.java-1.28.1-win32-x64\jre\17.0.10-win32-x86_64\bin\nio.dll
0x00007fffce0a0000 - 0x00007fffce0b0000 	c:\Users\Ashutosh\.vscode\extensions\redhat.java-1.28.1-win32-x64\jre\17.0.10-win32-x86_64\bin\verify.dll
0x00007fffb5b60000 - 0x00007fffb5b9e000 	C:\Users\Ashutosh\AppData\Roaming\Code\User\globalStorage\redhat.java\1.28.1\config_win\org.eclipse.equinox.launcher\org.eclipse.equinox.launcher.win32.win32.x86_64_1.2.900.v20240129-1338\eclipse_11900.dll
0x00007ffff0c80000 - 0x00007ffff0e20000 	C:\WINDOWS\System32\ole32.dll
0x00007fffcd9d0000 - 0x00007fffcd9d9000 	C:\Users\Ashutosh\.vscode\extensions\redhat.java-1.28.1-win32-x64\jre\17.0.10-win32-x86_64\bin\management.dll
0x00007fffc96f0000 - 0x00007fffc96fb000 	C:\Users\Ashutosh\.vscode\extensions\redhat.java-1.28.1-win32-x64\jre\17.0.10-win32-x86_64\bin\management_ext.dll
0x00007fffef730000 - 0x00007fffef738000 	C:\WINDOWS\System32\PSAPI.DLL
0x00007fffee2c0000 - 0x00007fffee2db000 	C:\WINDOWS\SYSTEM32\CRYPTSP.dll
0x00007fffecdf0000 - 0x00007fffece25000 	C:\WINDOWS\system32\rsaenh.dll
0x00007fffed590000 - 0x00007fffed5bc000 	C:\WINDOWS\SYSTEM32\USERENV.dll
0x00007fffed800000 - 0x00007fffed80c000 	C:\WINDOWS\SYSTEM32\CRYPTBASE.dll
0x00007fffec930000 - 0x00007fffec95d000 	C:\WINDOWS\SYSTEM32\IPHLPAPI.DLL
0x00007fffef390000 - 0x00007fffef399000 	C:\WINDOWS\System32\NSI.dll
0x00007fffe71d0000 - 0x00007fffe71e9000 	C:\WINDOWS\SYSTEM32\dhcpcsvc6.DLL
0x00007fffe71b0000 - 0x00007fffe71cf000 	C:\WINDOWS\SYSTEM32\dhcpcsvc.DLL
0x00007fffec960000 - 0x00007fffeca59000 	C:\WINDOWS\SYSTEM32\DNSAPI.dll
0x00007fffb1640000 - 0x00007fffb1685000 	C:\Users\Ashutosh\AppData\Local\Temp\jna--608687249\jna12222763470486754958.dll
0x00007fffe8ac0000 - 0x00007fffe8ace000 	C:\Users\Ashutosh\.vscode\extensions\redhat.java-1.28.1-win32-x64\jre\17.0.10-win32-x86_64\bin\sunmscapi.dll
0x00007fffee970000 - 0x00007fffeead6000 	C:\WINDOWS\System32\CRYPT32.dll
0x00007fffed8b0000 - 0x00007fffed8de000 	C:\WINDOWS\SYSTEM32\ncrypt.dll
0x00007fffed7c0000 - 0x00007fffed7f7000 	C:\WINDOWS\SYSTEM32\NTASN1.dll
0x00007fffe5170000 - 0x00007fffe517a000 	C:\Windows\System32\rasadhlp.dll
0x00007fffe5c30000 - 0x00007fffe5cb3000 	C:\WINDOWS\System32\fwpuclnt.dll
0x00007fffc3290000 - 0x00007fffc3299000 	C:\Users\Ashutosh\.vscode\extensions\redhat.java-1.28.1-win32-x64\jre\17.0.10-win32-x86_64\bin\extnet.dll

dbghelp: loaded successfully - version: 4.0.5 - missing functions: none
symbol engine: initialized successfully - sym options: 0x614 - pdb path: .;c:\Users\Ashutosh\.vscode\extensions\redhat.java-1.28.1-win32-x64\jre\17.0.10-win32-x86_64\bin;C:\WINDOWS\SYSTEM32;C:\WINDOWS\WinSxS\amd64_microsoft.windows.common-controls_6595b64144ccf1df_6.0.22621.2506_none_270c5ae97388e100;c:\Users\Ashutosh\.vscode\extensions\redhat.java-1.28.1-win32-x64\jre\17.0.10-win32-x86_64\bin\server;C:\Users\Ashutosh\AppData\Roaming\Code\User\globalStorage\redhat.java\1.28.1\config_win\org.eclipse.equinox.launcher\org.eclipse.equinox.launcher.win32.win32.x86_64_1.2.900.v20240129-1338;C:\Users\Ashutosh\AppData\Local\Temp\jna--608687249

VM Arguments:
jvm_args: --add-modules=ALL-SYSTEM --add-opens=java.base/java.util=ALL-UNNAMED --add-opens=java.base/java.lang=ALL-UNNAMED --add-opens=java.base/sun.nio.fs=ALL-UNNAMED -Declipse.application=org.eclipse.jdt.ls.core.id1 -Dosgi.bundles.defaultStartLevel=4 -Declipse.product=org.eclipse.jdt.ls.core.product -Djava.import.generatesMetadataFilesAtProjectRoot=false -DDetectVMInstallationsJob.disabled=true -Dfile.encoding=utf8 -XX:+UseParallelGC -XX:GCTimeRatio=4 -XX:AdaptiveSizePolicyWeight=90 -Dsun.zip.disableMemoryMapping=true -Xmx1G -Xms100m -Xlog:disable -javaagent:c:\Users\Ashutosh\.vscode\extensions\redhat.java-1.28.1-win32-x64\lombok\lombok-1.18.31.jar -XX:+HeapDumpOnOutOfMemoryError -XX:HeapDumpPath=c:\Users\Ashutosh\AppData\Roaming\Code\User\workspaceStorage\f2dc90869da73b0063ce55c431e48fd0\redhat.java -Daether.dependencyCollector.impl=bf 
java_command: c:\Users\Ashutosh\.vscode\extensions\redhat.java-1.28.1-win32-x64\server\plugins\org.eclipse.equinox.launcher_1.6.700.v20231214-2017.jar -configuration c:\Users\Ashutosh\AppData\Roaming\Code\User\globalStorage\redhat.java\1.28.1\config_win -data c:\Users\Ashutosh\AppData\Roaming\Code\User\workspaceStorage\f2dc90869da73b0063ce55c431e48fd0\redhat.java\jdt_ws --stdio
java_class_path (initial): c:\Users\Ashutosh\.vscode\extensions\redhat.java-1.28.1-win32-x64\server\plugins\org.eclipse.equinox.launcher_1.6.700.v20231214-2017.jar
Launcher Type: SUN_STANDARD

[Global flags]
    uintx AdaptiveSizePolicyWeight                 = 90                                        {product} {command line}
     intx CICompilerCount                          = 4                                         {product} {ergonomic}
    uintx GCTimeRatio                              = 4                                         {product} {command line}
     bool HeapDumpOnOutOfMemoryError               = true                                   {manageable} {command line}
    ccstr HeapDumpPath                             = c:\Users\Ashutosh\AppData\Roaming\Code\User\workspaceStorage\f2dc90869da73b0063ce55c431e48fd0\redhat.java         {manageable} {command line}
   size_t InitialHeapSize                          = 104857600                                 {product} {command line}
   size_t MaxHeapSize                              = 1073741824                                {product} {command line}
   size_t MaxNewSize                               = 357564416                                 {product} {ergonomic}
   size_t MinHeapDeltaBytes                        = 524288                                    {product} {ergonomic}
   size_t MinHeapSize                              = 104857600                                 {product} {command line}
   size_t NewSize                                  = 34603008                                  {product} {ergonomic}
    uintx NonNMethodCodeHeapSize                   = 5839372                                {pd product} {ergonomic}
    uintx NonProfiledCodeHeapSize                  = 122909434                              {pd product} {ergonomic}
   size_t OldSize                                  = 70254592                                  {product} {ergonomic}
    uintx ProfiledCodeHeapSize                     = 122909434                              {pd product} {ergonomic}
    uintx ReservedCodeCacheSize                    = 251658240                              {pd product} {ergonomic}
     bool SegmentedCodeCache                       = true                                      {product} {ergonomic}
   size_t SoftMaxHeapSize                          = 1073741824                             {manageable} {ergonomic}
     bool UseCompressedClassPointers               = true                           {product lp64_product} {ergonomic}
     bool UseCompressedOops                        = true                           {product lp64_product} {ergonomic}
     bool UseLargePagesIndividualAllocation        = false                                  {pd product} {ergonomic}
     bool UseParallelGC                            = true                                      {product} {command line}

Logging:
Log output configuration:
 #0: stdout all=off uptime,level,tags
 #1: stderr all=off uptime,level,tags

Environment Variables:
JAVA_HOME=C:\Program Files\Java\jdk-17.0.2
PATH=C:\Program Files\Microsoft\jdk-11.0.16.101-hotspot\bin;C:\Program Files\Java\jdk-11.0.12\bin;C:\Program Files\Common Files\Oracle\Java\javapath;C:\Windows\system32;C:\Windows;C:\Windows\System32\Wbem;C:\Windows\System32\WindowsPowerShell\v1.0\;C:\Windows\System32\OpenSSH\;C:\WINDOWS\system32;C:\WINDOWS;C:\WINDOWS\System32\Wbem;C:\WINDOWS\System32\WindowsPowerShell\v1.0\;C:\WINDOWS\System32\OpenSSH\;C:\Program Files\Git\cmd;C:\mongosh\mongosh-1.10.0-win32-x64\bin;C:\Program Files\PuTTY\;C:\Program Files\MongoDB\Server\6.0\bin;C:\Program Files\dotnet\;C:\Program Files\Microsoft SQL Server\150\Tools\Binn\;C:\Program Files\Microsoft SQL Server\Client SDK\ODBC\170\Tools\Binn\;C:\Program Files\Docker\Docker\resources\bin;C:\Program Files\nodejs\;C:\Program Files\MySQL\MySQL Shell 8.0\bin\;C:\Program Files\MongoDB\Server\5.0\bin;C:\Users\Ashutosh\AppData\Local\Microsoft\WindowsApps;C:\Users\Ashutosh\AppData\Local\Programs\Microsoft VS Code\bin;C:\Program Files (x86)\mingw-w64\i686-8.1.0-posix-dwarf-rt_v6-rev0\mingw32\bin;C:\Users\Ashutosh\source\flutter\bin;C:\Users\Ashutosh\.dotnet\tools;C:\Users\Ashutosh\AppData\Roaming\npm
USERNAME=Ashutosh
OS=Windows_NT
PROCESSOR_IDENTIFIER=AMD64 Family 23 Model 24 Stepping 1, AuthenticAMD
TMP=C:\Users\Ashutosh\AppData\Local\Temp
TEMP=C:\Users\Ashutosh\AppData\Local\Temp



Periodic native trim disabled


---------------  S Y S T E M  ---------------

OS:
 Windows 11 , 64 bit Build 22621 (10.0.22621.2506)
OS uptime: 16 days 19:51 hours
Hyper-V role detected

CPU: total 8 (initial active 8) (8 cores per cpu, 2 threads per core) family 23 model 24 stepping 1 microcode 0x0, cx8, cmov, fxsr, ht, mmx, 3dnowpref, sse, sse2, sse3, ssse3, sse4a, sse4.1, sse4.2, popcnt, lzcnt, tsc, tscinvbit, avx, avx2, aes, clmul, bmi1, bmi2, adx, sha, fma, vzeroupper, clflush, clflushopt, hv
Processor Information for all 8 processors :
  Max Mhz: 2100, Current Mhz: 2100, Mhz Limit: 2100

Memory: 4k page, system-wide physical 6086M (165M free)
TotalPageFile size 24518M (AvailPageFile size 18M)
current process WorkingSet (physical memory assigned to process): 73M, peak: 528M
current process commit charge ("private bytes"): 568M, peak: 577M

vm_info: OpenJDK 64-Bit Server VM (17.0.10+7) for windows-amd64 JRE (17.0.10+7), built on Jan 16 2024 23:25:11 by "admin" with MS VC++ 16.10 / 16.11 (VS2019)

END.
